<?xml version="1.0" encoding="UTF-8"?>
<!-- Generated by org.testng.reporters.JUnitReportReporter -->
<testsuite hostname="LAPTOP-FS5UPGRD" failures="0" tests="1" name="com.testcases.EC_001registeruser" time="44.120" errors="0" timestamp="2023-04-10T09:51:15 IST" skipped="0">
  <testcase classname="com.testcases.EC_001registeruser" name="registeruser" time="44.120"/>
  <system-out/>
</testsuite> <!-- com.testcases.EC_001registeruser -->
