<?xml version="1.0" encoding="UTF-8"?>
<!-- Generated by org.testng.reporters.JUnitReportReporter -->
<testsuite hostname="LAPTOP-FS5UPGRD" failures="0" tests="1" name="com.testcases.EC_002failurelogin" time="7.073" errors="0" timestamp="2023-04-10T10:58:29 IST" skipped="0">
  <testcase classname="com.testcases.EC_002failurelogin" name="incorrectlogin" time="7.073"/>
  <system-out/>
</testsuite> <!-- com.testcases.EC_002failurelogin -->
