<?xml version="1.0" encoding="UTF-8"?>
<!-- Generated by org.testng.reporters.JUnitReportReporter -->
<testsuite hostname="LAPTOP-FS5UPGRD" failures="0" tests="1" name="com.testcases.EC_004Signup" time="9.858" errors="0" timestamp="2023-04-10T11:55:28 IST" skipped="0">
  <testcase classname="com.testcases.EC_004Signup" name="signupfailure" time="9.858"/>
  <system-out/>
</testsuite> <!-- com.testcases.EC_004Signup -->
