<?xml version="1.0" encoding="UTF-8"?>
<!-- Generated by org.testng.reporters.JUnitReportReporter -->
<testsuite hostname="LAPTOP-FS5UPGRD" failures="0" tests="1" name="com.testcases.EC_003Logout" time="43.379" errors="0" timestamp="2023-04-10T11:37:42 IST" skipped="0">
  <testcase classname="com.testcases.EC_003Logout" name="logotcheck" time="43.379"/>
  <system-out/>
</testsuite> <!-- com.testcases.EC_003Logout -->
